mode: set
RHPRo-Task/controllers/AdminController.go:14.44,18.2 1 1
RHPRo-Task/controllers/AdminController.go:31.58,33.16 2 1
RHPRo-Task/controllers/AdminController.go:33.16,36.3 2 0
RHPRo-Task/controllers/AdminController.go:38.2,38.25 1 1
RHPRo-Task/controllers/AdminController.go:52.64,54.16 2 1
RHPRo-Task/controllers/AdminController.go:54.16,57.3 2 0
RHPRo-Task/controllers/AdminController.go:59.2,59.31 1 1
RHPRo-Task/controllers/AuthController.go:15.42,19.2 1 1
RHPRo-Task/controllers/AuthController.go:31.54,33.47 2 1
RHPRo-Task/controllers/AuthController.go:33.47,37.3 3 1
RHPRo-Task/controllers/AuthController.go:39.2,40.16 2 1
RHPRo-Task/controllers/AuthController.go:40.16,43.3 2 1
RHPRo-Task/controllers/AuthController.go:45.2,51.4 1 0
RHPRo-Task/controllers/AuthController.go:65.51,67.47 2 1
RHPRo-Task/controllers/AuthController.go:67.47,71.3 3 1
RHPRo-Task/controllers/AuthController.go:73.2,74.16 2 1
RHPRo-Task/controllers/AuthController.go:74.16,77.3 2 1
RHPRo-Task/controllers/AuthController.go:79.2,79.55 1 0
RHPRo-Task/controllers/DepartmentController.go:16.54,20.2 1 1
RHPRo-Task/controllers/DepartmentController.go:32.68,34.47 2 1
RHPRo-Task/controllers/DepartmentController.go:34.47,37.3 2 1
RHPRo-Task/controllers/DepartmentController.go:39.2,40.16 2 1
RHPRo-Task/controllers/DepartmentController.go:40.16,43.3 2 0
RHPRo-Task/controllers/DepartmentController.go:45.2,45.57 1 1
RHPRo-Task/controllers/DepartmentController.go:59.68,62.16 3 1
RHPRo-Task/controllers/DepartmentController.go:62.16,65.3 2 1
RHPRo-Task/controllers/DepartmentController.go:67.2,68.47 2 1
RHPRo-Task/controllers/DepartmentController.go:68.47,71.3 2 0
RHPRo-Task/controllers/DepartmentController.go:73.2,73.74 1 1
RHPRo-Task/controllers/DepartmentController.go:73.74,76.3 2 0
RHPRo-Task/controllers/DepartmentController.go:78.2,78.56 1 1
RHPRo-Task/controllers/DepartmentController.go:91.68,94.16 3 1
RHPRo-Task/controllers/DepartmentController.go:94.16,97.3 2 1
RHPRo-Task/controllers/DepartmentController.go:99.2,99.68 1 1
RHPRo-Task/controllers/DepartmentController.go:99.68,102.3 2 0
RHPRo-Task/controllers/DepartmentController.go:104.2,104.56 1 1
RHPRo-Task/controllers/DepartmentController.go:116.69,118.16 2 1
RHPRo-Task/controllers/DepartmentController.go:118.16,121.3 2 0
RHPRo-Task/controllers/DepartmentController.go:123.2,123.52 1 1
RHPRo-Task/controllers/DepartmentController.go:136.71,139.16 3 1
RHPRo-Task/controllers/DepartmentController.go:139.16,142.3 2 1
RHPRo-Task/controllers/DepartmentController.go:144.2,145.16 2 1
RHPRo-Task/controllers/DepartmentController.go:145.16,148.3 2 1
RHPRo-Task/controllers/DepartmentController.go:150.2,150.51 1 0
RHPRo-Task/controllers/DepartmentController.go:164.61,167.16 3 1
RHPRo-Task/controllers/DepartmentController.go:167.16,170.3 2 1
RHPRo-Task/controllers/DepartmentController.go:172.2,173.47 2 1
RHPRo-Task/controllers/DepartmentController.go:173.47,176.3 2 1
RHPRo-Task/controllers/DepartmentController.go:178.2,178.67 1 1
RHPRo-Task/controllers/DepartmentController.go:178.67,181.3 2 1
RHPRo-Task/controllers/DepartmentController.go:183.2,183.59 1 0
RHPRo-Task/controllers/DepartmentController.go:197.64,200.16 3 1
RHPRo-Task/controllers/DepartmentController.go:200.16,203.3 2 1
RHPRo-Task/controllers/DepartmentController.go:205.2,207.16 3 1
RHPRo-Task/controllers/DepartmentController.go:207.16,210.3 2 1
RHPRo-Task/controllers/DepartmentController.go:212.2,212.78 1 1
RHPRo-Task/controllers/DepartmentController.go:212.78,215.3 2 1
RHPRo-Task/controllers/DepartmentController.go:217.2,217.59 1 0
RHPRo-Task/controllers/DepartmentController.go:231.63,234.16 3 1
RHPRo-Task/controllers/DepartmentController.go:234.16,237.3 2 1
RHPRo-Task/controllers/DepartmentController.go:239.2,240.51 2 1
RHPRo-Task/controllers/DepartmentController.go:240.51,243.3 2 0
RHPRo-Task/controllers/DepartmentController.go:245.2,245.71 1 1
RHPRo-Task/controllers/DepartmentController.go:245.71,248.3 2 0
RHPRo-Task/controllers/DepartmentController.go:250.2,250.56 1 1
RHPRo-Task/controllers/TaskController.go:16.42,20.2 1 1
RHPRo-Task/controllers/TaskController.go:35.56,38.13 2 1
RHPRo-Task/controllers/TaskController.go:38.13,41.3 2 0
RHPRo-Task/controllers/TaskController.go:43.2,44.47 2 1
RHPRo-Task/controllers/TaskController.go:44.47,48.3 3 1
RHPRo-Task/controllers/TaskController.go:50.2,51.16 2 1
RHPRo-Task/controllers/TaskController.go:51.16,54.3 2 1
RHPRo-Task/controllers/TaskController.go:56.2,56.51 1 0
RHPRo-Task/controllers/TaskController.go:70.57,74.16 3 0
RHPRo-Task/controllers/TaskController.go:74.16,77.3 2 0
RHPRo-Task/controllers/TaskController.go:79.2,79.24 1 0
RHPRo-Task/controllers/TaskController.go:105.57,107.48 2 1
RHPRo-Task/controllers/TaskController.go:107.48,111.3 3 0
RHPRo-Task/controllers/TaskController.go:113.2,114.16 2 1
RHPRo-Task/controllers/TaskController.go:114.16,117.3 2 0
RHPRo-Task/controllers/TaskController.go:119.2,119.26 1 1
RHPRo-Task/controllers/TaskController.go:135.57,138.16 3 1
RHPRo-Task/controllers/TaskController.go:138.16,141.3 2 1
RHPRo-Task/controllers/TaskController.go:143.2,144.16 2 1
RHPRo-Task/controllers/TaskController.go:144.16,147.3 2 1
RHPRo-Task/controllers/TaskController.go:149.2,149.24 1 1
RHPRo-Task/controllers/TaskController.go:166.56,169.16 3 1
RHPRo-Task/controllers/TaskController.go:169.16,172.3 2 1
RHPRo-Task/controllers/TaskController.go:174.2,175.47 2 1
RHPRo-Task/controllers/TaskController.go:175.47,179.3 3 0
RHPRo-Task/controllers/TaskController.go:181.2,181.68 1 1
RHPRo-Task/controllers/TaskController.go:181.68,184.3 2 0
RHPRo-Task/controllers/TaskController.go:186.2,186.50 1 1
RHPRo-Task/controllers/TaskController.go:202.56,205.16 3 1
RHPRo-Task/controllers/TaskController.go:205.16,208.3 2 1
RHPRo-Task/controllers/TaskController.go:210.2,210.62 1 1
RHPRo-Task/controllers/TaskController.go:210.62,213.3 2 1
RHPRo-Task/controllers/TaskController.go:215.2,215.50 1 0
RHPRo-Task/controllers/TaskController.go:232.59,236.16 3 1
RHPRo-Task/controllers/TaskController.go:236.16,239.3 2 1
RHPRo-Task/controllers/TaskController.go:242.2,243.13 2 1
RHPRo-Task/controllers/TaskController.go:243.13,246.3 2 0
RHPRo-Task/controllers/TaskController.go:248.2,249.47 2 1
RHPRo-Task/controllers/TaskController.go:249.47,253.3 3 1
RHPRo-Task/controllers/TaskController.go:255.2,255.90 1 1
RHPRo-Task/controllers/TaskController.go:255.90,258.3 2 1
RHPRo-Task/controllers/TaskController.go:260.2,260.56 1 0
RHPRo-Task/controllers/TaskController.go:277.60,281.16 3 1
RHPRo-Task/controllers/TaskController.go:281.16,284.3 2 1
RHPRo-Task/controllers/TaskController.go:286.2,287.47 2 1
RHPRo-Task/controllers/TaskController.go:287.47,291.3 3 1
RHPRo-Task/controllers/TaskController.go:293.2,293.86 1 1
RHPRo-Task/controllers/TaskController.go:293.86,296.3 2 0
RHPRo-Task/controllers/TaskController.go:298.2,298.50 1 1
RHPRo-Task/controllers/TaskFlowController.go:16.50,20.2 1 1
RHPRo-Task/controllers/TaskFlowController.go:32.60,34.16 2 1
RHPRo-Task/controllers/TaskFlowController.go:34.16,37.3 2 1
RHPRo-Task/controllers/TaskFlowController.go:40.2,41.13 2 1
RHPRo-Task/controllers/TaskFlowController.go:41.13,44.3 2 0
RHPRo-Task/controllers/TaskFlowController.go:45.2,47.74 2 1
RHPRo-Task/controllers/TaskFlowController.go:47.74,50.3 2 1
RHPRo-Task/controllers/TaskFlowController.go:52.2,52.56 1 0
RHPRo-Task/controllers/TaskFlowController.go:66.60,68.16 2 1
RHPRo-Task/controllers/TaskFlowController.go:68.16,71.3 2 1
RHPRo-Task/controllers/TaskFlowController.go:73.2,74.47 2 1
RHPRo-Task/controllers/TaskFlowController.go:74.47,77.3 2 1
RHPRo-Task/controllers/TaskFlowController.go:79.2,80.13 2 1
RHPRo-Task/controllers/TaskFlowController.go:80.13,83.3 2 0
RHPRo-Task/controllers/TaskFlowController.go:84.2,86.80 2 1
RHPRo-Task/controllers/TaskFlowController.go:86.80,89.3 2 1
RHPRo-Task/controllers/TaskFlowController.go:91.2,91.53 1 0
RHPRo-Task/controllers/TaskFlowController.go:105.61,107.16 2 1
RHPRo-Task/controllers/TaskFlowController.go:107.16,110.3 2 1
RHPRo-Task/controllers/TaskFlowController.go:112.2,113.47 2 1
RHPRo-Task/controllers/TaskFlowController.go:113.47,116.3 2 1
RHPRo-Task/controllers/TaskFlowController.go:118.2,119.13 2 1
RHPRo-Task/controllers/TaskFlowController.go:119.13,122.3 2 0
RHPRo-Task/controllers/TaskFlowController.go:123.2,125.92 2 1
RHPRo-Task/controllers/TaskFlowController.go:125.92,128.3 2 1
RHPRo-Task/controllers/TaskFlowController.go:130.2,130.65 1 0
RHPRo-Task/controllers/TaskFlowController.go:144.64,146.16 2 1
RHPRo-Task/controllers/TaskFlowController.go:146.16,149.3 2 0
RHPRo-Task/controllers/TaskFlowController.go:151.2,152.47 2 1
RHPRo-Task/controllers/TaskFlowController.go:152.47,155.3 2 1
RHPRo-Task/controllers/TaskFlowController.go:157.2,158.13 2 1
RHPRo-Task/controllers/TaskFlowController.go:158.13,161.3 2 0
RHPRo-Task/controllers/TaskFlowController.go:162.2,165.16 3 1
RHPRo-Task/controllers/TaskFlowController.go:165.16,168.3 2 1
RHPRo-Task/controllers/TaskFlowController.go:170.2,170.60 1 0
RHPRo-Task/controllers/TaskFlowController.go:184.69,186.16 2 1
RHPRo-Task/controllers/TaskFlowController.go:186.16,189.3 2 0
RHPRo-Task/controllers/TaskFlowController.go:191.2,192.47 2 1
RHPRo-Task/controllers/TaskFlowController.go:192.47,195.3 2 1
RHPRo-Task/controllers/TaskFlowController.go:197.2,198.13 2 1
RHPRo-Task/controllers/TaskFlowController.go:198.13,201.3 2 0
RHPRo-Task/controllers/TaskFlowController.go:202.2,204.92 2 1
RHPRo-Task/controllers/TaskFlowController.go:204.92,207.3 2 1
RHPRo-Task/controllers/TaskFlowController.go:209.2,209.62 1 0
RHPRo-Task/controllers/TaskFlowController.go:223.64,225.16 2 1
RHPRo-Task/controllers/TaskFlowController.go:225.16,228.3 2 1
RHPRo-Task/controllers/TaskFlowController.go:230.2,231.47 2 1
RHPRo-Task/controllers/TaskFlowController.go:231.47,234.3 2 0
RHPRo-Task/controllers/TaskFlowController.go:236.2,237.13 2 1
RHPRo-Task/controllers/TaskFlowController.go:237.13,240.3 2 0
RHPRo-Task/controllers/TaskFlowController.go:241.2,243.87 2 1
RHPRo-Task/controllers/TaskFlowController.go:243.87,246.3 2 1
RHPRo-Task/controllers/TaskFlowController.go:248.2,248.59 1 0
RHPRo-Task/controllers/TaskFlowController.go:261.66,263.16 2 1
RHPRo-Task/controllers/TaskFlowController.go:263.16,266.3 2 1
RHPRo-Task/controllers/TaskFlowController.go:268.2,269.16 2 1
RHPRo-Task/controllers/TaskFlowController.go:269.16,272.3 2 1
RHPRo-Task/controllers/TaskFlowController.go:274.2,274.54 1 0
RHPRo-Task/controllers/TaskFlowController.go:288.60,290.16 2 1
RHPRo-Task/controllers/TaskFlowController.go:290.16,293.3 2 1
RHPRo-Task/controllers/TaskFlowController.go:295.2,296.47 2 1
RHPRo-Task/controllers/TaskFlowController.go:296.47,299.3 2 1
RHPRo-Task/controllers/TaskFlowController.go:301.2,302.13 2 1
RHPRo-Task/controllers/TaskFlowController.go:302.13,305.3 2 0
RHPRo-Task/controllers/TaskFlowController.go:306.2,308.126 2 1
RHPRo-Task/controllers/TaskFlowController.go:308.126,311.3 2 1
RHPRo-Task/controllers/TaskFlowController.go:313.2,313.59 1 0
RHPRo-Task/controllers/TaskFlowController.go:327.66,329.16 2 1
RHPRo-Task/controllers/TaskFlowController.go:329.16,332.3 2 1
RHPRo-Task/controllers/TaskFlowController.go:334.2,335.16 2 1
RHPRo-Task/controllers/TaskFlowController.go:335.16,338.3 2 1
RHPRo-Task/controllers/TaskFlowController.go:340.2,341.13 2 1
RHPRo-Task/controllers/TaskFlowController.go:341.13,344.3 2 0
RHPRo-Task/controllers/TaskFlowController.go:345.2,347.103 2 1
RHPRo-Task/controllers/TaskFlowController.go:347.103,350.3 2 1
RHPRo-Task/controllers/TaskFlowController.go:352.2,352.62 1 0
RHPRo-Task/controllers/TaskFlowController.go:366.69,368.16 2 1
RHPRo-Task/controllers/TaskFlowController.go:368.16,371.3 2 0
RHPRo-Task/controllers/TaskFlowController.go:373.2,374.47 2 1
RHPRo-Task/controllers/TaskFlowController.go:374.47,377.3 2 1
RHPRo-Task/controllers/TaskFlowController.go:379.2,380.13 2 1
RHPRo-Task/controllers/TaskFlowController.go:380.13,383.3 2 0
RHPRo-Task/controllers/TaskFlowController.go:384.2,386.89 2 1
RHPRo-Task/controllers/TaskFlowController.go:386.89,389.3 2 1
RHPRo-Task/controllers/TaskFlowController.go:391.2,391.62 1 0
RHPRo-Task/controllers/UserController.go:16.42,20.2 1 1
RHPRo-Task/controllers/UserController.go:33.56,37.16 3 1
RHPRo-Task/controllers/UserController.go:37.16,40.3 2 0
RHPRo-Task/controllers/UserController.go:42.2,42.24 1 1
RHPRo-Task/controllers/UserController.go:59.57,61.55 2 1
RHPRo-Task/controllers/UserController.go:61.55,65.3 3 0
RHPRo-Task/controllers/UserController.go:67.2,68.16 2 1
RHPRo-Task/controllers/UserController.go:68.16,71.3 2 0
RHPRo-Task/controllers/UserController.go:73.2,73.26 1 1
RHPRo-Task/controllers/UserController.go:89.57,92.16 3 1
RHPRo-Task/controllers/UserController.go:92.16,95.3 2 1
RHPRo-Task/controllers/UserController.go:97.2,98.16 2 1
RHPRo-Task/controllers/UserController.go:98.16,101.3 2 1
RHPRo-Task/controllers/UserController.go:103.2,103.24 1 1
RHPRo-Task/controllers/UserController.go:120.56,123.16 3 1
RHPRo-Task/controllers/UserController.go:123.16,126.3 2 1
RHPRo-Task/controllers/UserController.go:128.2,129.47 2 1
RHPRo-Task/controllers/UserController.go:129.47,133.3 3 0
RHPRo-Task/controllers/UserController.go:135.2,135.68 1 1
RHPRo-Task/controllers/UserController.go:135.68,138.3 2 0
RHPRo-Task/controllers/UserController.go:140.2,140.50 1 1
RHPRo-Task/controllers/UserController.go:157.57,160.16 3 1
RHPRo-Task/controllers/UserController.go:160.16,163.3 2 1
RHPRo-Task/controllers/UserController.go:165.2,166.47 2 1
RHPRo-Task/controllers/UserController.go:166.47,170.3 3 1
RHPRo-Task/controllers/UserController.go:172.2,172.76 1 1
RHPRo-Task/controllers/UserController.go:172.76,175.3 2 0
RHPRo-Task/controllers/UserController.go:177.2,177.56 1 1
RHPRo-Task/controllers/UserController.go:193.56,195.47 2 1
RHPRo-Task/controllers/UserController.go:195.47,199.3 3 1
RHPRo-Task/controllers/UserController.go:201.2,202.16 2 1
RHPRo-Task/controllers/UserController.go:202.16,205.3 2 1
RHPRo-Task/controllers/UserController.go:207.2,214.4 1 0
RHPRo-Task/controllers/UserController.go:230.57,233.16 3 1
RHPRo-Task/controllers/UserController.go:233.16,236.3 2 1
RHPRo-Task/controllers/UserController.go:238.2,238.63 1 1
RHPRo-Task/controllers/UserController.go:238.63,241.3 2 1
RHPRo-Task/controllers/UserController.go:243.2,243.56 1 0
